{"message":"connect ECONNREFUSED 127.0.0.1:27017","reason":{"type":"Unknown","servers":{},"stale":false,"compatible":true,"heartbeatFrequencyMS":10000,"localThresholdMS":15},"level":"error"}
{"message":"connect ECONNREFUSED 127.0.0.1:27017","reason":{"type":"Single","servers":{},"stale":false,"compatible":true,"heartbeatFrequencyMS":10000,"localThresholdMS":15,"commonWireVersion":9},"level":"error"}
{"message":"connect ECONNREFUSED 127.0.0.1:27017","reason":{"type":"Unknown","servers":{},"stale":false,"compatible":true,"heartbeatFrequencyMS":10000,"localThresholdMS":15},"level":"error"}
{"message":"connect ECONNREFUSED 127.0.0.1:27017","reason":{"type":"Unknown","servers":{},"stale":false,"compatible":true,"heartbeatFrequencyMS":10000,"localThresholdMS":15},"level":"error"}
{"level":"error"}
{"level":"error"}
{"level":"error"}
{"level":"error"}
{"level":"error"}
{"level":"error"}
{"code":"ERR_HTTP_HEADERS_SENT","level":"error"}
{"code":"ERR_HTTP_HEADERS_SENT","level":"error"}
{"code":"ERR_HTTP_HEADERS_SENT","level":"error"}
{"code":"ERR_HTTP_HEADERS_SENT","level":"error"}
{"level":"error"}
{"level":"error"}
{"level":"error"}
{"level":"error"}
{"level":"error"}
{"level":"error","message":{}}
{"level":"error","message":{}}
{"level":"error","message":{}}
{"level":"error","message":{}}
{"level":"error","message":{}}
{"level":"error","message":{}}
{"level":"error","message":{}}
{"level":"error","message":{}}
{"level":"error","message":{}}
{"level":"error","message":{}}
{"level":"error","message":{}}
{"level":"error","message":{}}
{"level":"error","message":{}}
{"level":"error","message":{}}
{"level":"error","message":{}}
{"level":"error","message":{}}
{"level":"error","message":{}}
{"level":"error","message":{}}
{"level":"error","message":{}}
{"level":"error","message":{}}
{"level":"error","message":{}}
{"level":"error","message":{}}
{"level":"error","message":{}}
{"level":"error","message":{}}
{"level":"error","message":{}}
{"level":"error","message":{}}
{"level":"error","message":{}}
{"level":"error","message":{}}
{"level":"error","message":{}}
{"level":"error","message":{}}
